{
  "stats": {
    "suites": 1,
    "tests": 4,
    "passes": 4,
    "pending": 0,
    "failures": 0,
    "start": "2021-03-09T06:40:54.106Z",
    "end": "2021-03-09T06:40:55.246Z",
    "duration": 1140,
    "testsRegistered": 4,
    "passPercent": 100,
    "pendingPercent": 0,
    "other": 0,
    "hasOther": false,
    "skipped": 0,
    "hasSkipped": false,
    "passPercentClass": "success",
    "pendingPercentClass": "danger"
  },
  "suites": {
    "uuid": "9fa18024-e6e0-45a6-9ca2-a8958a927435",
    "title": "",
    "fullFile": "",
    "file": "",
    "beforeHooks": [],
    "afterHooks": [],
    "tests": [],
    "suites": [
      {
        "uuid": "9ad7d7fb-c885-43cc-966d-04d59c860149",
        "title": "Product Automation Testing using Mocha and Chai",
        "fullFile": "D:\\MIKA\\KERJA\\XL\\Automation\\product-mocha-chai-QATest\\api\\test\\product-test.js",
        "file": "\\api\\test\\product-test.js",
        "beforeHooks": [],
        "afterHooks": [],
        "tests": [
          {
            "title": "@post As a user, I want to create product",
            "fullTitle": "Product Automation Testing using Mocha and Chai @post As a user, I want to create product",
            "timedOut": false,
            "duration": 440,
            "state": "passed",
            "speed": "slow",
            "pass": true,
            "fail": false,
            "pending": false,
            "code": "const products =\n{\n    id: 1,\n    name: \"Ergonomic Paper 1\",\n    description: 'Strues caritas cupressus',\n    image: \"https://loremflickr.com/250\",\n    price: 12343,\n    status: false\n};\nconst response = await page.getProduct();\nassert(response.status).to.equal(200);",
            "err": {},
            "isRoot": false,
            "uuid": "9d20de91-1f22-4448-ae66-5748c023390c",
            "isHook": false,
            "skipped": false
          },
          {
            "title": "@get As a user,  I want to see the details of a product that I recently create",
            "fullTitle": "Product Automation Testing using Mocha and Chai @get As a user,  I want to see the details of a product that I recently create",
            "timedOut": false,
            "duration": 219,
            "state": "passed",
            "speed": "slow",
            "pass": true,
            "fail": false,
            "pending": false,
            "code": "const response = await page.getProduct();\nassert(response.status).to.equal(200);",
            "err": {},
            "isRoot": false,
            "uuid": "e86424d5-bb9b-4271-a67d-3e508477da11",
            "isHook": false,
            "skipped": false
          },
          {
            "title": "@put As a user, I want to update the products that I recently created to include discount_amount",
            "fullTitle": "Product Automation Testing using Mocha and Chai @put As a user, I want to update the products that I recently created to include discount_amount",
            "timedOut": false,
            "duration": 158,
            "state": "passed",
            "speed": "slow",
            "pass": true,
            "fail": false,
            "pending": false,
            "code": "const products =\n{\n    id: 1,\n    name: \"Ergonomic Paper 1\",\n    description: 'Strues caritas cupressus',\n    image: \"https://loremflickr.com/250\",\n    discount_amount: 12343,\n    status: false\n};\nconst response = await page.getProduct();\nassert(response.status).to.equal(200);",
            "err": {},
            "isRoot": false,
            "uuid": "9606ab04-9306-4268-925a-d1c21ba94002",
            "isHook": false,
            "skipped": false
          },
          {
            "title": "@delete As a user, I want to delete the products that I recently updated",
            "fullTitle": "Product Automation Testing using Mocha and Chai @delete As a user, I want to delete the products that I recently updated",
            "timedOut": false,
            "duration": 311,
            "state": "passed",
            "speed": "slow",
            "pass": true,
            "fail": false,
            "pending": false,
            "code": "const response = await page.getProduct();\nassert(response.status).to.equal(200);",
            "err": {},
            "isRoot": false,
            "uuid": "48c02953-1e07-4b63-af25-634017bfb150",
            "isHook": false,
            "skipped": false
          }
        ],
        "suites": [],
        "passes": [
          "9d20de91-1f22-4448-ae66-5748c023390c",
          "e86424d5-bb9b-4271-a67d-3e508477da11",
          "9606ab04-9306-4268-925a-d1c21ba94002",
          "48c02953-1e07-4b63-af25-634017bfb150"
        ],
        "failures": [],
        "pending": [],
        "skipped": [],
        "duration": 1128,
        "root": false,
        "rootEmpty": false,
        "_timeout": 180000
      }
    ],
    "passes": [],
    "failures": [],
    "pending": [],
    "skipped": [],
    "duration": 0,
    "root": true,
    "rootEmpty": true,
    "_timeout": 180000
  },
  "copyrightYear": 2021
}